

Version:	3.12
CmdLine:	D:\Projets\DriveNCook\java_maven\target\app.exe --l4j-debug
WOW64:		yes
Create mutex:	drivencook
Working dir:	D:\Projets\DriveNCook\java_maven\target\.
Java min ver:	1.008.000
Java max ver:	
64-bit search:	SOFTWARE\JavaSoft\Java Runtime Environment...
Check:		SOFTWARE\JavaSoft\Java Runtime Environment\1.8
Check launcher:	C:\Program Files\Java\jre1.8.0_251\bin\javaw.exe (OK)
Match:		1.008.000
Check:		SOFTWARE\JavaSoft\Java Runtime Environment\1.8.0_251
Check launcher:	C:\Program Files\Java\jre1.8.0_251\bin\javaw.exe (OK)
Match:		1.008.000_251
64-bit search:	SOFTWARE\JavaSoft\Java Development Kit...
Check:		SOFTWARE\JavaSoft\Java Development Kit\1.8
Ignore:		1.008.000
Check:		SOFTWARE\JavaSoft\Java Development Kit\1.8.0_251
Ignore:		1.008.000_251
64-bit search:	SOFTWARE\JavaSoft\JRE...
64-bit search:	SOFTWARE\JavaSoft\JDK...
Runtime used:	1.008.000_251 (64-bit)
Launcher:	C:\Program Files\Java\jre1.8.0_251\bin\javaw.exe
Launcher args:	-jar "D:\Projets\DriveNCook\java_maven\target\app.exe"
Args length:	54/32768 chars
Exit code:	0


Version:	3.12
CmdLine:	D:\Projets\DriveNCook\java_maven\target\drivencook-1.2.exe --l4j-debug
WOW64:		yes
Create mutex:	drivencook
Working dir:	D:\Projets\DriveNCook\java_maven\target\.
Java min ver:	1.008.000
Java max ver:	
64-bit search:	SOFTWARE\JavaSoft\Java Runtime Environment...
Check:		SOFTWARE\JavaSoft\Java Runtime Environment\1.8
Check launcher:	C:\Program Files\Java\jre1.8.0_251\bin\javaw.exe (OK)
Match:		1.008.000
Check:		SOFTWARE\JavaSoft\Java Runtime Environment\1.8.0_251
Check launcher:	C:\Program Files\Java\jre1.8.0_251\bin\javaw.exe (OK)
Match:		1.008.000_251
64-bit search:	SOFTWARE\JavaSoft\Java Development Kit...
Check:		SOFTWARE\JavaSoft\Java Development Kit\1.8
Ignore:		1.008.000
Check:		SOFTWARE\JavaSoft\Java Development Kit\1.8.0_251
Ignore:		1.008.000_251
64-bit search:	SOFTWARE\JavaSoft\JRE...
64-bit search:	SOFTWARE\JavaSoft\JDK...
Runtime used:	1.008.000_251 (64-bit)
Launcher:	C:\Program Files\Java\jre1.8.0_251\bin\javaw.exe
Launcher args:	-jar "D:\Projets\DriveNCook\java_maven\target\drivencook-1.2.exe"
Args length:	65/32768 chars
Exit code:	0


Version:	3.12
CmdLine:	D:\Projets\DriveNCook\java_maven\target\drivencook_1.2.5.exe --l4j-debug
WOW64:		yes
Create mutex:	drivencook
Working dir:	D:\Projets\DriveNCook\java_maven\target\.
Java min ver:	1.008.000
Java max ver:	
64-bit search:	SOFTWARE\JavaSoft\Java Runtime Environment...
Check:		SOFTWARE\JavaSoft\Java Runtime Environment\1.8
Check launcher:	C:\Program Files\Java\jre1.8.0_251\bin\javaw.exe (OK)
Match:		1.008.000
Check:		SOFTWARE\JavaSoft\Java Runtime Environment\1.8.0_251
Check launcher:	C:\Program Files\Java\jre1.8.0_251\bin\javaw.exe (OK)
Match:		1.008.000_251
64-bit search:	SOFTWARE\JavaSoft\Java Development Kit...
Check:		SOFTWARE\JavaSoft\Java Development Kit\1.8
Ignore:		1.008.000
Check:		SOFTWARE\JavaSoft\Java Development Kit\1.8.0_251
Ignore:		1.008.000_251
64-bit search:	SOFTWARE\JavaSoft\JRE...
64-bit search:	SOFTWARE\JavaSoft\JDK...
Runtime used:	1.008.000_251 (64-bit)
Launcher:	C:\Program Files\Java\jre1.8.0_251\bin\javaw.exe
Launcher args:	-jar "D:\Projets\DriveNCook\java_maven\target\drivencook_1.2.5.exe"
Args length:	67/32768 chars
Exit code:	0
